<?xml version="1.0" encoding="UTF-8"?>
<testng-results skipped="0" failed="1" total="5" passed="4">
  <reporter-output>
  </reporter-output>
  <suite name="Suite" duration-ms="43960" started-at="2020-02-20T12:08:49Z" finished-at="2020-02-20T12:09:33Z">
    <groups>
    </groups>
    <test name="Test" duration-ms="43960" started-at="2020-02-20T12:08:49Z" finished-at="2020-02-20T12:09:33Z">
      <class name="GlobalGrantScenario.Grants.grantsLoginPageTest">
        <test-method status="PASS" signature="loignintGrant(java.lang.String, java.lang.String)[pri:0, instance:GlobalGrantScenario.Grants.grantsLoginPageTest@76ed1b7c]" name="loignintGrant" duration-ms="8158" started-at="2020-02-20T17:39:06Z" data-provider="getdata" finished-at="2020-02-20T17:39:15Z">
          <params>
            <param index="0">
              <value>
                <![CDATA[gov64400708@aol.com]]>
              </value>
            </param>
            <param index="1">
              <value>
                <![CDATA[Testing1]]>
              </value>
            </param>
          </params>
          <reporter-output>
          </reporter-output>
        </test-method> <!-- loignintGrant -->
        <test-method status="PASS" signature="closedbrowser()[pri:0, instance:GlobalGrantScenario.Grants.grantsLoginPageTest@76ed1b7c]" name="closedbrowser" is-config="true" duration-ms="5696" started-at="2020-02-20T17:39:28Z" finished-at="2020-02-20T17:39:33Z">
          <reporter-output>
          </reporter-output>
        </test-method> <!-- closedbrowser -->
      </class> <!-- GlobalGrantScenario.Grants.grantsLoginPageTest -->
      <class name="GlobalGrantScenario.Grants.ApplayForGrantTest">
        <test-method status="PASS" signature="checkpagetitle()[pri:0, instance:GlobalGrantScenario.Grants.ApplayForGrantTest@11fc564b]" name="checkpagetitle" duration-ms="3469" started-at="2020-02-20T17:39:22Z" finished-at="2020-02-20T17:39:25Z">
          <reporter-output>
          </reporter-output>
        </test-method> <!-- checkpagetitle -->
        <test-method status="FAIL" signature="startglobalgrant()[pri:0, instance:GlobalGrantScenario.Grants.ApplayForGrantTest@11fc564b]" name="startglobalgrant" duration-ms="39" started-at="2020-02-20T17:39:25Z" finished-at="2020-02-20T17:39:25Z">
          <exception class="java.lang.AssertionError">
            <message>
              <![CDATA[Let's Begin Button is enalbe expected [false] but found [true]]]>
            </message>
            <full-stacktrace>
              <![CDATA[java.lang.AssertionError: Let's Begin Button is enalbe expected [false] but found [true]
	at org.testng.Assert.fail(Assert.java:94)
	at org.testng.Assert.failNotEquals(Assert.java:494)
	at org.testng.Assert.assertFalse(Assert.java:63)
	at GlobalGrantScenario.Grants.ApplayForGrantTest.startglobalgrant(ApplayForGrantTest.java:62)
	at sun.reflect.NativeMethodAccessorImpl.invoke0(Native Method)
	at sun.reflect.NativeMethodAccessorImpl.invoke(NativeMethodAccessorImpl.java:62)
	at sun.reflect.DelegatingMethodAccessorImpl.invoke(DelegatingMethodAccessorImpl.java:43)
	at java.lang.reflect.Method.invoke(Method.java:498)
	at org.testng.internal.MethodInvocationHelper.invokeMethod(MethodInvocationHelper.java:80)
	at org.testng.internal.Invoker.invokeMethod(Invoker.java:714)
	at org.testng.internal.Invoker.invokeTestMethod(Invoker.java:901)
	at org.testng.internal.Invoker.invokeTestMethods(Invoker.java:1231)
	at org.testng.internal.TestMethodWorker.invokeTestMethods(TestMethodWorker.java:127)
	at org.testng.internal.TestMethodWorker.run(TestMethodWorker.java:111)
	at org.testng.TestRunner.privateRun(TestRunner.java:767)
	at org.testng.TestRunner.run(TestRunner.java:617)
	at org.testng.SuiteRunner.runTest(SuiteRunner.java:334)
	at org.testng.SuiteRunner.runSequentially(SuiteRunner.java:329)
	at org.testng.SuiteRunner.privateRun(SuiteRunner.java:291)
	at org.testng.SuiteRunner.run(SuiteRunner.java:240)
	at org.testng.SuiteRunnerWorker.runSuite(SuiteRunnerWorker.java:52)
	at org.testng.SuiteRunnerWorker.run(SuiteRunnerWorker.java:86)
	at org.testng.TestNG.runSuitesSequentially(TestNG.java:1198)
	at org.testng.TestNG.runSuitesLocally(TestNG.java:1123)
	at org.testng.TestNG.run(TestNG.java:1031)
	at org.testng.remote.AbstractRemoteTestNG.run(AbstractRemoteTestNG.java:132)
	at org.testng.remote.RemoteTestNG.initAndRun(RemoteTestNG.java:230)
	at org.testng.remote.RemoteTestNG.main(RemoteTestNG.java:76)
]]>
            </full-stacktrace>
          </exception> <!-- java.lang.AssertionError -->
          <reporter-output>
          </reporter-output>
        </test-method> <!-- startglobalgrant -->
      </class> <!-- GlobalGrantScenario.Grants.ApplayForGrantTest -->
      <class name="GlobalGrantScenario.Grants.OpenGrantPage">
        <test-method status="PASS" signature="openloginpage()[pri:0, instance:GlobalGrantScenario.Grants.OpenGrantPage@6e509ffa]" name="openloginpage" is-config="true" duration-ms="7993" started-at="2020-02-20T17:38:49Z" finished-at="2020-02-20T17:38:57Z">
          <reporter-output>
          </reporter-output>
        </test-method> <!-- openloginpage -->
        <test-method status="PASS" signature="openurl()[pri:0, instance:GlobalGrantScenario.Grants.OpenGrantPage@6e509ffa]" name="openurl" duration-ms="9062" started-at="2020-02-20T17:38:57Z" finished-at="2020-02-20T17:39:06Z">
          <reporter-output>
          </reporter-output>
        </test-method> <!-- openurl -->
      </class> <!-- GlobalGrantScenario.Grants.OpenGrantPage -->
      <class name="GlobalGrantScenario.Grants.GrantsHomePagetest">
        <test-method status="PASS" signature="navigatetoNewGrantpage()[pri:0, instance:GlobalGrantScenario.Grants.GrantsHomePagetest@68567e20]" name="navigatetoNewGrantpage" duration-ms="7360" started-at="2020-02-20T17:39:15Z" finished-at="2020-02-20T17:39:22Z">
          <reporter-output>
          </reporter-output>
        </test-method> <!-- navigatetoNewGrantpage -->
      </class> <!-- GlobalGrantScenario.Grants.GrantsHomePagetest -->
    </test> <!-- Test -->
  </suite> <!-- Suite -->
</testng-results>
